libraries/rib-android-core/build/intermediates/manifest_merge_blame_file/release/manifest-merger-blame-release-report.txt
1<?xml version="1.0" encoding="utf-8"?>
2<manifest xmlns:android="http://schemas.android.com/apk/res/android"
3    package="com.uber.rib.android.core" >
4
5    <uses-sdk
6        android:minSdkVersion="21"
6-->ProcessLibraryManifest\release\tempAndroidManifest2377028432928873626.xml
7        android:targetSdkVersion="21" />
7-->ProcessLibraryManifest\release\tempAndroidManifest2377028432928873626.xml
8
9</manifest>